<?xml version="1.0" encoding="UTF-8"?>
<!-- Generated by org.testng.reporters.JUnitXMLReporter -->
<testsuite ignored="0" hostname="User" failures="3" tests="22" name="Default test" time="61.883" errors="0" timestamp="2023-04-03T15:50:56 IST">
  <testcase classname="designationMaster.designationMaster.BaseClass" name="@AfterMethod tearDown" time="3.021">
    <failure type="org.openqa.selenium.NoSuchWindowException" message="no such window: target window already closed
from unknown error: web view not found
  (Session info: chrome=111.0.5563.147)
Build info: version: &amp;apos;4.1.3&amp;apos;, revision: &amp;apos;7b1ebf28ef&amp;apos;
System info: host: &amp;apos;USER&amp;apos;, ip: &amp;apos;10.2.9.128&amp;apos;, os.name: &amp;apos;Windows 11&amp;apos;, os.arch: &amp;apos;amd64&amp;apos;, os.version: &amp;apos;10.0&amp;apos;, java.version: &amp;apos;19.0.1&amp;apos;
Driver info: org.openqa.selenium.chrome.ChromeDriver
Command: [561b4a36b8b48df02a1aa9e96da1e7ad, screenshot {}]
Capabilities {acceptInsecureCerts: false, browserName: chrome, browserVersion: 111.0.5563.147, chrome: {chromedriverVersion: 111.0.5563.64 (c710e93d5b63..., userDataDir: C:\Users\USER~1.USE\AppData...}, goog:chromeOptions: {debuggerAddress: localhost:62389}, javascriptEnabled: true, networkConnectionEnabled: false, pageLoadStrategy: normal, platform: WINDOWS, platformName: WINDOWS, proxy: Proxy(), se:cdp: ws://localhost:62389/devtoo..., se:cdpVersion: 111.0.5563.147, setWindowRect: true, strictFileInteractability: false, timeouts: {implicit: 0, pageLoad: 300000, script: 30000}, unhandledPromptBehavior: dismiss and notify, webauthn:extension:credBlob: true, webauthn:extension:largeBlob: true, webauthn:extension:minPinLength: true, webauthn:extension:prf: true, webauthn:virtualAuthenticators: true}
Session ID: 561b4a36b8b48df02a1aa9e96da1e7ad">
      <![CDATA[org.openqa.selenium.NoSuchWindowException: no such window: target window already closed
from unknown error: web view not found
  (Session info: chrome=111.0.5563.147)
Build info: version: '4.1.3', revision: '7b1ebf28ef'
System info: host: 'USER', ip: '10.2.9.128', os.name: 'Windows 11', os.arch: 'amd64', os.version: '10.0', java.version: '19.0.1'
Driver info: org.openqa.selenium.chrome.ChromeDriver
Command: [561b4a36b8b48df02a1aa9e96da1e7ad, screenshot {}]
Capabilities {acceptInsecureCerts: false, browserName: chrome, browserVersion: 111.0.5563.147, chrome: {chromedriverVersion: 111.0.5563.64 (c710e93d5b63..., userDataDir: C:\Users\USER~1.USE\AppData...}, goog:chromeOptions: {debuggerAddress: localhost:62389}, javascriptEnabled: true, networkConnectionEnabled: false, pageLoadStrategy: normal, platform: WINDOWS, platformName: WINDOWS, proxy: Proxy(), se:cdp: ws://localhost:62389/devtoo..., se:cdpVersion: 111.0.5563.147, setWindowRect: true, strictFileInteractability: false, timeouts: {implicit: 0, pageLoad: 300000, script: 30000}, unhandledPromptBehavior: dismiss and notify, webauthn:extension:credBlob: true, webauthn:extension:largeBlob: true, webauthn:extension:minPinLength: true, webauthn:extension:prf: true, webauthn:virtualAuthenticators: true}
Session ID: 561b4a36b8b48df02a1aa9e96da1e7ad
at java.base/jdk.internal.reflect.DirectConstructorHandleAccessor.newInstance(DirectConstructorHandleAccessor.java:67)
at java.base/java.lang.reflect.Constructor.newInstanceWithCaller(Constructor.java:500)
at java.base/java.lang.reflect.Constructor.newInstance(Constructor.java:484)
at org.openqa.selenium.remote.codec.w3c.W3CHttpResponseCodec.createException(W3CHttpResponseCodec.java:200)
at org.openqa.selenium.remote.codec.w3c.W3CHttpResponseCodec.decode(W3CHttpResponseCodec.java:133)
at org.openqa.selenium.remote.codec.w3c.W3CHttpResponseCodec.decode(W3CHttpResponseCodec.java:53)
at org.openqa.selenium.remote.HttpCommandExecutor.execute(HttpCommandExecutor.java:184)
at org.openqa.selenium.remote.service.DriverCommandExecutor.invokeExecute(DriverCommandExecutor.java:167)
at org.openqa.selenium.remote.service.DriverCommandExecutor.execute(DriverCommandExecutor.java:142)
at org.openqa.selenium.remote.RemoteWebDriver.execute(RemoteWebDriver.java:567)
at org.openqa.selenium.remote.RemoteWebDriver.execute(RemoteWebDriver.java:622)
at org.openqa.selenium.remote.RemoteWebDriver.execute(RemoteWebDriver.java:626)
at org.openqa.selenium.remote.RemoteWebDriver.getScreenshotAs(RemoteWebDriver.java:351)
at designationMaster.designationMaster.BaseClass.generateAshot(BaseClass.java:369)
at designationMaster.designationMaster.BaseClass.tearDown(BaseClass.java:139)
at java.base/jdk.internal.reflect.DirectMethodHandleAccessor.invoke(DirectMethodHandleAccessor.java:104)
at java.base/java.lang.reflect.Method.invoke(Method.java:578)
at org.testng.internal.MethodInvocationHelper.invokeMethod(MethodInvocationHelper.java:133)
at org.testng.internal.MethodInvocationHelper.invokeMethodConsideringTimeout(MethodInvocationHelper.java:62)
at org.testng.internal.ConfigInvoker.invokeConfigurationMethod(ConfigInvoker.java:385)
at org.testng.internal.ConfigInvoker.invokeConfigurations(ConfigInvoker.java:321)
at org.testng.internal.TestInvoker.runConfigMethods(TestInvoker.java:700)
at org.testng.internal.TestInvoker.runAfterGroupsConfigurations(TestInvoker.java:676)
at org.testng.internal.TestInvoker.invokeMethod(TestInvoker.java:660)
at org.testng.internal.TestInvoker.invokeTestMethod(TestInvoker.java:173)
at org.testng.internal.MethodRunner.runInSequence(MethodRunner.java:46)
at org.testng.internal.TestInvoker$MethodInvocationAgent.invoke(TestInvoker.java:824)
at org.testng.internal.TestInvoker.invokeTestMethods(TestInvoker.java:146)
at org.testng.internal.TestMethodWorker.invokeTestMethods(TestMethodWorker.java:146)
at org.testng.internal.TestMethodWorker.run(TestMethodWorker.java:128)
at java.base/java.util.ArrayList.forEach(ArrayList.java:1511)
at org.testng.TestRunner.privateRun(TestRunner.java:794)
at org.testng.TestRunner.run(TestRunner.java:596)
at org.testng.SuiteRunner.runTest(SuiteRunner.java:377)
at org.testng.SuiteRunner.runSequentially(SuiteRunner.java:371)
at org.testng.SuiteRunner.privateRun(SuiteRunner.java:332)
at org.testng.SuiteRunner.run(SuiteRunner.java:276)
at org.testng.SuiteRunnerWorker.runSuite(SuiteRunnerWorker.java:53)
at org.testng.SuiteRunnerWorker.run(SuiteRunnerWorker.java:96)
at org.testng.TestNG.runSuitesSequentially(TestNG.java:1212)
at org.testng.TestNG.runSuitesLocally(TestNG.java:1134)
at org.testng.TestNG.runSuites(TestNG.java:1063)
at org.testng.TestNG.run(TestNG.java:1031)
at org.testng.remote.AbstractRemoteTestNG.run(AbstractRemoteTestNG.java:115)
at org.testng.remote.RemoteTestNG.initAndRun(RemoteTestNG.java:251)
at org.testng.remote.RemoteTestNG.main(RemoteTestNG.java:77)
]]>
    </failure>
  </testcase> <!-- @AfterMethod tearDown -->
  <testcase classname="designationMaster.designationMaster.BaseClass" name="@AfterMethod tearDown" time="-1.680517256375E9">
    <skipped/>
  </testcase> <!-- @AfterMethod tearDown -->
  <testcase classname="designationMaster.designationMaster.BaseClass" name="@AfterMethod tearDown" time="-1.680517256379E9">
    <skipped/>
  </testcase> <!-- @AfterMethod tearDown -->
  <testcase classname="designationMaster.designationMaster.BaseClass" name="@AfterMethod tearDown" time="-1.680517256384E9">
    <skipped/>
  </testcase> <!-- @AfterMethod tearDown -->
  <testcase classname="designationMaster.designationMaster.BaseClass" name="@AfterMethod tearDown" time="-1.680517256391E9">
    <skipped/>
  </testcase> <!-- @AfterMethod tearDown -->
  <testcase classname="designationMaster.designationMaster.BaseClass" name="@AfterMethod tearDown" time="-1.680517256392E9">
    <skipped/>
  </testcase> <!-- @AfterMethod tearDown -->
  <testcase classname="designationMaster.designationMaster.BaseClass" name="@AfterMethod tearDown" time="-1.680517256392E9">
    <skipped/>
  </testcase> <!-- @AfterMethod tearDown -->
  <testcase classname="designationMaster.designationMaster.BaseClass" name="@AfterMethod tearDown" time="-1.680517256404E9">
    <skipped/>
  </testcase> <!-- @AfterMethod tearDown -->
  <testcase classname="designationMaster.designationMaster.BaseClass" name="@AfterMethod tearDown" time="-1.680517256408E9">
    <skipped/>
  </testcase> <!-- @AfterMethod tearDown -->
  <testcase classname="designationMaster.designationMaster.BaseClass" name="@AfterMethod tearDown" time="-1.680517256409E9">
    <skipped/>
  </testcase> <!-- @AfterMethod tearDown -->
  <testcase classname="designationMaster.designationMaster.BaseClass" name="@AfterMethod tearDown" time="-1.680517256418E9">
    <skipped/>
  </testcase> <!-- @AfterMethod tearDown -->
  <testcase classname="designationMaster.designationMaster.BaseClass" name="@AfterMethod tearDown" time="-1.680517256425E9">
    <skipped/>
  </testcase> <!-- @AfterMethod tearDown -->
  <testcase classname="designationMaster.designationMaster.BaseClass" name="@AfterMethod tearDown" time="-1.680517256428E9">
    <skipped/>
  </testcase> <!-- @AfterMethod tearDown -->
  <testcase classname="designationMaster.designationMaster.BaseClass" name="@AfterMethod tearDown" time="-1.680517256453E9">
    <skipped/>
  </testcase> <!-- @AfterMethod tearDown -->
  <testcase classname="designationMaster.designationMaster.BaseClass" name="@AfterMethod tearDown" time="-1.680517256455E9">
    <skipped/>
  </testcase> <!-- @AfterMethod tearDown -->
  <testcase classname="designationMaster.designationMaster.BaseClass" name="@AfterMethod tearDown" time="-1.680517256463E9">
    <skipped/>
  </testcase> <!-- @AfterMethod tearDown -->
  <testcase classname="designationMaster.designationMaster.DesignationMasterTC" name="tc2" time="0.012">
    <failure type="java.lang.NullPointerException" message="Cannot invoke &amp;quot;designationMasterPageObject.DesignationMasterPage.selectMaster()&amp;quot; because &amp;quot;this.dm&amp;quot; is null">
      <![CDATA[java.lang.NullPointerException: Cannot invoke "designationMasterPageObject.DesignationMasterPage.selectMaster()" because "this.dm" is null
at designationMaster.designationMaster.DesignationMasterTC.tc2(DesignationMasterTC.java:103)
at java.base/jdk.internal.reflect.DirectMethodHandleAccessor.invoke(DirectMethodHandleAccessor.java:104)
at java.base/java.lang.reflect.Method.invoke(Method.java:578)
at org.testng.internal.MethodInvocationHelper.invokeMethod(MethodInvocationHelper.java:133)
at org.testng.internal.TestInvoker.invokeMethod(TestInvoker.java:598)
at org.testng.internal.TestInvoker.invokeTestMethod(TestInvoker.java:173)
at org.testng.internal.MethodRunner.runInSequence(MethodRunner.java:46)
at org.testng.internal.TestInvoker$MethodInvocationAgent.invoke(TestInvoker.java:824)
at org.testng.internal.TestInvoker.invokeTestMethods(TestInvoker.java:146)
at org.testng.internal.TestMethodWorker.invokeTestMethods(TestMethodWorker.java:146)
at org.testng.internal.TestMethodWorker.run(TestMethodWorker.java:128)
at java.base/java.util.ArrayList.forEach(ArrayList.java:1511)
at org.testng.TestRunner.privateRun(TestRunner.java:794)
at org.testng.TestRunner.run(TestRunner.java:596)
at org.testng.SuiteRunner.runTest(SuiteRunner.java:377)
at org.testng.SuiteRunner.runSequentially(SuiteRunner.java:371)
at org.testng.SuiteRunner.privateRun(SuiteRunner.java:332)
at org.testng.SuiteRunner.run(SuiteRunner.java:276)
at org.testng.SuiteRunnerWorker.runSuite(SuiteRunnerWorker.java:53)
at org.testng.SuiteRunnerWorker.run(SuiteRunnerWorker.java:96)
at org.testng.TestNG.runSuitesSequentially(TestNG.java:1212)
at org.testng.TestNG.runSuitesLocally(TestNG.java:1134)
at org.testng.TestNG.runSuites(TestNG.java:1063)
at org.testng.TestNG.run(TestNG.java:1031)
at org.testng.remote.AbstractRemoteTestNG.run(AbstractRemoteTestNG.java:115)
at org.testng.remote.RemoteTestNG.initAndRun(RemoteTestNG.java:251)
at org.testng.remote.RemoteTestNG.main(RemoteTestNG.java:77)
]]>
    </failure>
  </testcase> <!-- tc2 -->
  <testcase classname="designationMaster.designationMaster.DesignationMasterTC" name="tcLogin" time="17.24"/>
  <testcase classname="designationMaster.designationMaster.DesignationMasterTC" name="tc3" time="0.028">
    <failure type="java.lang.AssertionError" message="expected [] but found [Designation Master]">
      <![CDATA[java.lang.AssertionError: expected [] but found [Designation Master]
at org.testng.Assert.fail(Assert.java:99)
at org.testng.Assert.failNotEquals(Assert.java:1037)
at org.testng.Assert.assertEqualsImpl(Assert.java:140)
at org.testng.Assert.assertEquals(Assert.java:122)
at org.testng.Assert.assertEquals(Assert.java:629)
at org.testng.Assert.assertEquals(Assert.java:639)
at designationMaster.designationMaster.DesignationMasterTC.tc3(DesignationMasterTC.java:115)
at java.base/jdk.internal.reflect.DirectMethodHandleAccessor.invoke(DirectMethodHandleAccessor.java:104)
at java.base/java.lang.reflect.Method.invoke(Method.java:578)
at org.testng.internal.MethodInvocationHelper.invokeMethod(MethodInvocationHelper.java:133)
at org.testng.internal.TestInvoker.invokeMethod(TestInvoker.java:598)
at org.testng.internal.TestInvoker.invokeTestMethod(TestInvoker.java:173)
at org.testng.internal.MethodRunner.runInSequence(MethodRunner.java:46)
at org.testng.internal.TestInvoker$MethodInvocationAgent.invoke(TestInvoker.java:824)
at org.testng.internal.TestInvoker.invokeTestMethods(TestInvoker.java:146)
at org.testng.internal.TestMethodWorker.invokeTestMethods(TestMethodWorker.java:146)
at org.testng.internal.TestMethodWorker.run(TestMethodWorker.java:128)
at java.base/java.util.ArrayList.forEach(ArrayList.java:1511)
at org.testng.TestRunner.privateRun(TestRunner.java:794)
at org.testng.TestRunner.run(TestRunner.java:596)
at org.testng.SuiteRunner.runTest(SuiteRunner.java:377)
at org.testng.SuiteRunner.runSequentially(SuiteRunner.java:371)
at org.testng.SuiteRunner.privateRun(SuiteRunner.java:332)
at org.testng.SuiteRunner.run(SuiteRunner.java:276)
at org.testng.SuiteRunnerWorker.runSuite(SuiteRunnerWorker.java:53)
at org.testng.SuiteRunnerWorker.run(SuiteRunnerWorker.java:96)
at org.testng.TestNG.runSuitesSequentially(TestNG.java:1212)
at org.testng.TestNG.runSuitesLocally(TestNG.java:1134)
at org.testng.TestNG.runSuites(TestNG.java:1063)
at org.testng.TestNG.run(TestNG.java:1031)
at org.testng.remote.AbstractRemoteTestNG.run(AbstractRemoteTestNG.java:115)
at org.testng.remote.RemoteTestNG.initAndRun(RemoteTestNG.java:251)
at org.testng.remote.RemoteTestNG.main(RemoteTestNG.java:77)
]]>
    </failure>
  </testcase> <!-- tc3 -->
  <testcase classname="designationMaster.designationMaster.DesignationMasterTC" name="tcmaster" time="3.209"/>
  <testcase classname="designationMaster.designationMaster.DesignationMasterTC" name="tc4" time="1.64"/>
  <testcase classname="designationMaster.designationMaster.DesignationMasterTC" name="tc6" time="1.519"/>
  <testcase classname="designationMaster.designationMaster.DesignationMasterTC" name="tc7" time="2.38">
    <failure type="org.openqa.selenium.NoSuchElementException" message="Unable to find element with locator By.xpath: //button[text()=&amp;apos;Cancel&amp;apos;]
For documentation on this error, please visit: https://selenium.dev/exceptions/#no_such_element
Build info: version: &amp;apos;4.1.3&amp;apos;, revision: &amp;apos;7b1ebf28ef&amp;apos;
System info: host: &amp;apos;USER&amp;apos;, ip: &amp;apos;10.2.9.128&amp;apos;, os.name: &amp;apos;Windows 11&amp;apos;, os.arch: &amp;apos;amd64&amp;apos;, os.version: &amp;apos;10.0&amp;apos;, java.version: &amp;apos;19.0.1&amp;apos;
Driver info: driver.version: RemoteWebDriver">
      <![CDATA[org.openqa.selenium.NoSuchElementException: Unable to find element with locator By.xpath: //button[text()='Cancel']
For documentation on this error, please visit: https://selenium.dev/exceptions/#no_such_element
Build info: version: '4.1.3', revision: '7b1ebf28ef'
System info: host: 'USER', ip: '10.2.9.128', os.name: 'Windows 11', os.arch: 'amd64', os.version: '10.0', java.version: '19.0.1'
Driver info: driver.version: RemoteWebDriver
at org.openqa.selenium.remote.ElementLocation$ElementFinder$2.findElement(ElementLocation.java:165)
at org.openqa.selenium.remote.ElementLocation.findElement(ElementLocation.java:60)
at org.openqa.selenium.remote.RemoteWebDriver.findElement(RemoteWebDriver.java:385)
at org.openqa.selenium.remote.RemoteWebDriver.findElement(RemoteWebDriver.java:377)
at designationMaster.designationMaster.DesignationMasterTC.tc7(DesignationMasterTC.java:136)
at java.base/jdk.internal.reflect.DirectMethodHandleAccessor.invoke(DirectMethodHandleAccessor.java:104)
at java.base/java.lang.reflect.Method.invoke(Method.java:578)
at org.testng.internal.MethodInvocationHelper.invokeMethod(MethodInvocationHelper.java:133)
at org.testng.internal.TestInvoker.invokeMethod(TestInvoker.java:598)
at org.testng.internal.TestInvoker.invokeTestMethod(TestInvoker.java:173)
at org.testng.internal.MethodRunner.runInSequence(MethodRunner.java:46)
at org.testng.internal.TestInvoker$MethodInvocationAgent.invoke(TestInvoker.java:824)
at org.testng.internal.TestInvoker.invokeTestMethods(TestInvoker.java:146)
at org.testng.internal.TestMethodWorker.invokeTestMethods(TestMethodWorker.java:146)
at org.testng.internal.TestMethodWorker.run(TestMethodWorker.java:128)
at java.base/java.util.ArrayList.forEach(ArrayList.java:1511)
at org.testng.TestRunner.privateRun(TestRunner.java:794)
at org.testng.TestRunner.run(TestRunner.java:596)
at org.testng.SuiteRunner.runTest(SuiteRunner.java:377)
at org.testng.SuiteRunner.runSequentially(SuiteRunner.java:371)
at org.testng.SuiteRunner.privateRun(SuiteRunner.java:332)
at org.testng.SuiteRunner.run(SuiteRunner.java:276)
at org.testng.SuiteRunnerWorker.runSuite(SuiteRunnerWorker.java:53)
at org.testng.SuiteRunnerWorker.run(SuiteRunnerWorker.java:96)
at org.testng.TestNG.runSuitesSequentially(TestNG.java:1212)
at org.testng.TestNG.runSuitesLocally(TestNG.java:1134)
at org.testng.TestNG.runSuites(TestNG.java:1063)
at org.testng.TestNG.run(TestNG.java:1031)
at org.testng.remote.AbstractRemoteTestNG.run(AbstractRemoteTestNG.java:115)
at org.testng.remote.RemoteTestNG.initAndRun(RemoteTestNG.java:251)
at org.testng.remote.RemoteTestNG.main(RemoteTestNG.java:77)
]]>
    </failure>
  </testcase> <!-- tc7 -->
  <testcase classname="designationMaster.designationMaster.DesignationMasterTC" name="tc8" time="0.0">
    <skipped/>
  </testcase> <!-- tc8 -->
  <testcase classname="designationMaster.designationMaster.DesignationMasterTC" name="tc9" time="0.0">
    <skipped/>
  </testcase> <!-- tc9 -->
  <testcase classname="designationMaster.designationMaster.DesignationMasterTC" name="tc10" time="0.0">
    <skipped/>
  </testcase> <!-- tc10 -->
  <testcase classname="designationMaster.designationMaster.DesignationMasterTC" name="tc11" time="0.0">
    <skipped/>
  </testcase> <!-- tc11 -->
  <testcase classname="designationMaster.designationMaster.DesignationMasterTC" name="tc14" time="0.0">
    <skipped/>
  </testcase> <!-- tc14 -->
  <testcase classname="designationMaster.designationMaster.DesignationMasterTC" name="tc15" time="0.0">
    <skipped/>
  </testcase> <!-- tc15 -->
  <testcase classname="designationMaster.designationMaster.DesignationMasterTC" name="tc18" time="0.0">
    <skipped/>
  </testcase> <!-- tc18 -->
  <testcase classname="designationMaster.designationMaster.DesignationMasterTC" name="tc19" time="0.0">
    <skipped/>
  </testcase> <!-- tc19 -->
  <testcase classname="designationMaster.designationMaster.DesignationMasterTC" name="tc20" time="0.0">
    <skipped/>
  </testcase> <!-- tc20 -->
  <testcase classname="designationMaster.designationMaster.DesignationMasterTC" name="tc21" time="0.0">
    <skipped/>
  </testcase> <!-- tc21 -->
  <testcase classname="designationMaster.designationMaster.DesignationMasterTC" name="tc22" time="0.0">
    <skipped/>
  </testcase> <!-- tc22 -->
  <testcase classname="designationMaster.designationMaster.DesignationMasterTC" name="tc23" time="0.0">
    <skipped/>
  </testcase> <!-- tc23 -->
  <testcase classname="designationMaster.designationMaster.DesignationMasterTC" name="tc24" time="0.0">
    <skipped/>
  </testcase> <!-- tc24 -->
  <testcase classname="designationMaster.designationMaster.DesignationMasterTC" name="tc25" time="0.0">
    <skipped/>
  </testcase> <!-- tc25 -->
  <testcase classname="designationMaster.designationMaster.DesignationMasterTC" name="tc26" time="0.0">
    <skipped/>
  </testcase> <!-- tc26 -->
</testsuite> <!-- Default test -->
